[debug] [2022-03-31T09:31:16.188Z] ----------------------------------------------------------------------
[debug] [2022-03-31T09:31:16.235Z] Command:       C:\Program Files\nodejs\node.exe C:\Users\bereket\AppData\Roaming\npm\node_modules\firebase-tools\lib\bin\firebase.js emulators:start
[debug] [2022-03-31T09:31:16.238Z] CLI Version:   10.5.0
[debug] [2022-03-31T09:31:16.238Z] Platform:      win32
[debug] [2022-03-31T09:31:16.239Z] Node Version:  v16.13.2
[debug] [2022-03-31T09:31:16.999Z] Time:          Thu Mar 31 2022 05:31:16 GMT-0400 (Eastern Daylight Time)
[debug] [2022-03-31T09:31:17.002Z] ----------------------------------------------------------------------
[debug] 
[debug] [2022-03-31T09:31:17.637Z] > command requires scopes: ["email","openid","https://www.googleapis.com/auth/cloudplatformprojects.readonly","https://www.googleapis.com/auth/firebase","https://www.googleapis.com/auth/cloud-platform"]
[debug] [2022-03-31T09:31:17.639Z] > authorizing via signed-in user (habteyesus3136@gmail.com)
[info] i  emulators: Starting emulators: functions {"metadata":{"emulator":{"name":"hub"},"message":"Starting emulators: functions"}}
[debug] [2022-03-31T09:31:18.898Z] [hub] writing locator at C:\Users\bereket\AppData\Local\Temp\hub-clone-d8c5a.json
[warn] !  functions: The following emulators are not running, calls to these services from the Functions emulator will affect production: auth, firestore, database, hosting, pubsub, storage {"metadata":{"emulator":{"name":"functions"},"message":"The following emulators are not running, calls to these services from the Functions emulator will affect production: \u001b[1mauth, firestore, database, hosting, pubsub, storage\u001b[22m"}}
[info] +  functions: Using node@16 from host. {"metadata":{"emulator":{"name":"functions"},"message":"Using node@16 from host."}}
[debug] [2022-03-31T09:31:22.157Z] defaultcredentials: writing to file C:\Users\bereket\AppData\Roaming\firebase\habteyesus3136_gmail_com_application_default_credentials.json
[debug] [2022-03-31T09:31:23.253Z] Setting GAC to C:\Users\bereket\AppData\Roaming\firebase\habteyesus3136_gmail_com_application_default_credentials.json {"metadata":{"emulator":{"name":"functions"},"message":"Setting GAC to C:\\Users\\bereket\\AppData\\Roaming\\firebase\\habteyesus3136_gmail_com_application_default_credentials.json"}}
[debug] [2022-03-31T09:31:23.267Z] >>> [apiv2][query] GET https://firebase.googleapis.com/v1beta1/projects/clone-d8c5a/adminSdkConfig [none]
[debug] [2022-03-31T09:31:24.372Z] <<< [apiv2][status] GET https://firebase.googleapis.com/v1beta1/projects/clone-d8c5a/adminSdkConfig 200
[debug] [2022-03-31T09:31:24.375Z] <<< [apiv2][body] GET https://firebase.googleapis.com/v1beta1/projects/clone-d8c5a/adminSdkConfig {"projectId":"clone-d8c5a","storageBucket":"clone-d8c5a.appspot.com","locationId":"us-central"}
[debug] [2022-03-31T09:31:24.691Z] Ignoring unsupported arg: auto_download {"metadata":{"emulator":{"name":"ui"},"message":"Ignoring unsupported arg: auto_download"}}
[debug] [2022-03-31T09:31:24.693Z] Ignoring unsupported arg: port {"metadata":{"emulator":{"name":"ui"},"message":"Ignoring unsupported arg: port"}}
[debug] [2022-03-31T09:31:24.695Z] Starting Emulator UI with command {"binary":"node","args":["C:\\Users\\bereket\\.cache\\firebase\\emulators\\ui-v1.6.5\\server.bundle.js"],"optionalArgs":[],"joinArgs":false} {"metadata":{"emulator":{"name":"ui"},"message":"Starting Emulator UI with command {\"binary\":\"node\",\"args\":[\"C:\\\\Users\\\\bereket\\\\.cache\\\\firebase\\\\emulators\\\\ui-v1.6.5\\\\server.bundle.js\"],\"optionalArgs\":[],\"joinArgs\":false}"}}
[info] i  ui: Emulator UI logging to ui-debug.log {"metadata":{"emulator":{"name":"ui"},"message":"Emulator UI logging to \u001b[1mui-debug.log\u001b[22m"}}
[debug] [2022-03-31T09:31:28.115Z] Web / API server started at localhost:4000
 {"metadata":{"emulator":{"name":"ui"},"message":"Web / API server started at localhost:4000\n"}}
[info] i  functions: Watching "C:\Users\bereket\Desktop\Practice Page\Evangadi\LastPhase\Projects\Amazon-clone-\amazon-colne\functions" for Cloud Functions... {"metadata":{"emulator":{"name":"functions"},"message":"Watching \"C:\\Users\\bereket\\Desktop\\Practice Page\\Evangadi\\LastPhase\\Projects\\Amazon-clone-\\amazon-colne\\functions\" for Cloud Functions..."}}
[debug] [2022-03-31T09:31:28.367Z] Validating nodejs source
[debug] [2022-03-31T09:32:18.568Z] > [functions] package.json contents: {
  "name": "functions",
  "description": "Cloud Functions for Firebase",
  "scripts": {
    "lint": "eslint .",
    "serve": "firebase emulators:start --only functions",
    "shell": "firebase functions:shell",
    "start": "npm run shell",
    "deploy": "firebase deploy --only functions",
    "logs": "firebase functions:log"
  },
  "engines": {
    "node": "16"
  },
  "main": "index.js",
  "dependencies": {
    "cors": "^2.8.5",
    "express": "^4.17.3",
    "firebase-admin": "^10.0.2",
    "firebase-functions": "^3.18.0",
    "stripe": "^8.214.0"
  },
  "devDependencies": {
    "eslint": "^8.9.0",
    "eslint-config-google": "^0.14.0",
    "firebase-functions-test": "^0.2.0"
  },
  "private": true
}
[debug] [2022-03-31T09:32:18.570Z] Building nodejs source
[debug] [2022-03-31T09:32:18.571Z] Analyzing nodejs backend spec
[info] +  functions[us-central1-api]: http function initialized (http://localhost:5001/clone-d8c5a/us-central1/api). {"metadata":{"emulator":{"name":"functions"},"message":"\u001b[1mhttp\u001b[22m function initialized (http://localhost:5001/clone-d8c5a/us-central1/api)."}}
[info] 
┌─────────────────────────────────────────────────────────────┐
│ ✔  All emulators ready! It is now safe to connect your app. │
│ i  View Emulator UI at http://localhost:4000                │
└─────────────────────────────────────────────────────────────┘

┌───────────┬────────────────┬─────────────────────────────────┐
│ Emulator  │ Host:Port      │ View in Emulator UI             │
├───────────┼────────────────┼─────────────────────────────────┤
│ Functions │ localhost:5001 │ http://localhost:4000/functions │
└───────────┴────────────────┴─────────────────────────────────┘
  Emulator Hub running at localhost:4400
  Other reserved ports: 4500

Issues? Report them at https://github.com/firebase/firebase-tools/issues and attach the *-debug.log files.
 
[debug] [2022-03-31T09:36:30.689Z] File C:\Users\bereket\Desktop\Practice Page\Evangadi\LastPhase\Projects\Amazon-clone-\amazon-colne\functions\index.js changed, reloading triggers {"metadata":{"emulator":{"name":"functions"},"message":"File C:\\Users\\bereket\\Desktop\\Practice Page\\Evangadi\\LastPhase\\Projects\\Amazon-clone-\\amazon-colne\\functions\\index.js changed, reloading triggers"}}
[debug] [2022-03-31T09:36:31.821Z] Validating nodejs source
[debug] [2022-03-31T09:37:28.132Z] > [functions] package.json contents: {
  "name": "functions",
  "description": "Cloud Functions for Firebase",
  "scripts": {
    "lint": "eslint .",
    "serve": "firebase emulators:start --only functions",
    "shell": "firebase functions:shell",
    "start": "npm run shell",
    "deploy": "firebase deploy --only functions",
    "logs": "firebase functions:log"
  },
  "engines": {
    "node": "16"
  },
  "main": "index.js",
  "dependencies": {
    "cors": "^2.8.5",
    "express": "^4.17.3",
    "firebase-admin": "^10.0.2",
    "firebase-functions": "^3.18.0",
    "stripe": "^8.214.0"
  },
  "devDependencies": {
    "eslint": "^8.9.0",
    "eslint-config-google": "^0.14.0",
    "firebase-functions-test": "^0.2.0"
  },
  "private": true
}
[debug] [2022-03-31T09:37:28.134Z] Building nodejs source
[debug] [2022-03-31T09:37:28.134Z] Analyzing nodejs backend spec
[debug] [2022-03-31T09:37:28.348Z] File C:\Users\bereket\Desktop\Practice Page\Evangadi\LastPhase\Projects\Amazon-clone-\amazon-colne\functions\index.js changed, reloading triggers {"metadata":{"emulator":{"name":"functions"},"message":"File C:\\Users\\bereket\\Desktop\\Practice Page\\Evangadi\\LastPhase\\Projects\\Amazon-clone-\\amazon-colne\\functions\\index.js changed, reloading triggers"}}
[debug] [2022-03-31T09:37:29.451Z] Validating nodejs source
[debug] [2022-03-31T09:38:03.779Z] > [functions] package.json contents: {
  "name": "functions",
  "description": "Cloud Functions for Firebase",
  "scripts": {
    "lint": "eslint .",
    "serve": "firebase emulators:start --only functions",
    "shell": "firebase functions:shell",
    "start": "npm run shell",
    "deploy": "firebase deploy --only functions",
    "logs": "firebase functions:log"
  },
  "engines": {
    "node": "16"
  },
  "main": "index.js",
  "dependencies": {
    "cors": "^2.8.5",
    "express": "^4.17.3",
    "firebase-admin": "^10.0.2",
    "firebase-functions": "^3.18.0",
    "stripe": "^8.214.0"
  },
  "devDependencies": {
    "eslint": "^8.9.0",
    "eslint-config-google": "^0.14.0",
    "firebase-functions-test": "^0.2.0"
  },
  "private": true
}
[debug] [2022-03-31T09:38:03.780Z] Building nodejs source
[debug] [2022-03-31T09:38:03.781Z] Analyzing nodejs backend spec
[debug] [2022-03-31T09:39:06.489Z] [work-queue] {"queueLength":1,"workRunningCount":0}
[debug] [2022-03-31T09:39:06.490Z] [work-queue] {"queueLength":0,"workRunningCount":1}
[debug] [2022-03-31T09:39:06.492Z] Accepted request GET /clone-d8c5a/us-central1/api --> us-central1-api
[debug] [2022-03-31T09:39:07.794Z] [worker-pool] addWorker(us-central1-api) {"metadata":{"emulator":{"name":"functions"},"message":"[worker-pool] addWorker(us-central1-api)"}}
[debug] [2022-03-31T09:39:07.795Z] [worker-pool] Adding worker with key us-central1-api, total=1 {"metadata":{"emulator":{"name":"functions"},"message":"[worker-pool] Adding worker with key us-central1-api, total=1"}}
[debug] [2022-03-31T09:39:07.796Z] [worker-pool] submitWork(triggerId=us-central1-api) {"metadata":{"emulator":{"name":"functions"},"message":"[worker-pool] submitWork(triggerId=us-central1-api)"}}
[debug] [2022-03-31T09:39:07.797Z] [worker-us-central1-api-464fa7e5-235d-4c81-91f7-6ae018793784]: Assigning socketPath: \\?\pipe\C:\Users\bereket\Desktop\Practice Page\Evangadi\LastPhase\Projects\Amazon-clone-\amazon-colne\functions\8184 {"metadata":{"emulator":{"name":"functions"},"message":"[worker-us-central1-api-464fa7e5-235d-4c81-91f7-6ae018793784]: Assigning socketPath: \\\\?\\pipe\\C:\\Users\\bereket\\Desktop\\Practice Page\\Evangadi\\LastPhase\\Projects\\Amazon-clone-\\amazon-colne\\functions\\8184"}}
[debug] [2022-03-31T09:39:07.799Z] [worker-us-central1-api-464fa7e5-235d-4c81-91f7-6ae018793784]: BUSY {"metadata":{"emulator":{"name":"functions"},"message":"[worker-us-central1-api-464fa7e5-235d-4c81-91f7-6ae018793784]: BUSY"}}
[debug] [2022-03-31T09:42:32.991Z] [runtime-status] [8184] Functions runtime initialized. {"cwd":"C:\\Users\\bereket\\Desktop\\Practice Page\\Evangadi\\LastPhase\\Projects\\Amazon-clone-\\amazon-colne\\functions","node_version":"16.13.2"} {"metadata":{"emulator":{"name":"functions"},"function":{"name":"us-central1-api"},"extension":{},"message":"[runtime-status] [8184] Functions runtime initialized. {\"cwd\":\"C:\\\\Users\\\\bereket\\\\Desktop\\\\Practice Page\\\\Evangadi\\\\LastPhase\\\\Projects\\\\Amazon-clone-\\\\amazon-colne\\\\functions\",\"node_version\":\"16.13.2\"}"}}
[debug] [2022-03-31T09:42:33.014Z] [runtime-status] [8184] Disabled runtime features: undefined {"metadata":{"emulator":{"name":"functions"},"function":{"name":"us-central1-api"},"extension":{},"message":"[runtime-status] [8184] Disabled runtime features: undefined"}}
[debug] [2022-03-31T09:42:33.252Z] [runtime-status] [8184] Resolved module firebase-admin {"declared":true,"installed":true,"version":"10.0.2","resolution":"C:\\Users\\bereket\\Desktop\\Practice Page\\Evangadi\\LastPhase\\Projects\\Amazon-clone-\\amazon-colne\\functions\\node_modules\\firebase-admin\\lib\\index.js"} {"metadata":{"emulator":{"name":"functions"},"function":{"name":"us-central1-api"},"extension":{},"message":"[runtime-status] [8184] Resolved module firebase-admin {\"declared\":true,\"installed\":true,\"version\":\"10.0.2\",\"resolution\":\"C:\\\\Users\\\\bereket\\\\Desktop\\\\Practice Page\\\\Evangadi\\\\LastPhase\\\\Projects\\\\Amazon-clone-\\\\amazon-colne\\\\functions\\\\node_modules\\\\firebase-admin\\\\lib\\\\index.js\"}"}}
[debug] [2022-03-31T09:42:33.394Z] [runtime-status] [8184] Resolved module firebase-functions {"declared":true,"installed":true,"version":"3.19.0","resolution":"C:\\Users\\bereket\\Desktop\\Practice Page\\Evangadi\\LastPhase\\Projects\\Amazon-clone-\\amazon-colne\\functions\\node_modules\\firebase-functions\\lib\\index.js"} {"metadata":{"emulator":{"name":"functions"},"function":{"name":"us-central1-api"},"extension":{},"message":"[runtime-status] [8184] Resolved module firebase-functions {\"declared\":true,\"installed\":true,\"version\":\"3.19.0\",\"resolution\":\"C:\\\\Users\\\\bereket\\\\Desktop\\\\Practice Page\\\\Evangadi\\\\LastPhase\\\\Projects\\\\Amazon-clone-\\\\amazon-colne\\\\functions\\\\node_modules\\\\firebase-functions\\\\lib\\\\index.js\"}"}}
[debug] [2022-03-31T09:42:33.397Z] [runtime-status] [8184] Outgoing network have been stubbed. [{"name":"http","status":"mocked"},{"name":"http","status":"mocked"},{"name":"https","status":"mocked"},{"name":"https","status":"mocked"},{"name":"net","status":"mocked"}] {"metadata":{"emulator":{"name":"functions"},"function":{"name":"us-central1-api"},"extension":{},"message":"[runtime-status] [8184] Outgoing network have been stubbed. [{\"name\":\"http\",\"status\":\"mocked\"},{\"name\":\"http\",\"status\":\"mocked\"},{\"name\":\"https\",\"status\":\"mocked\"},{\"name\":\"https\",\"status\":\"mocked\"},{\"name\":\"net\",\"status\":\"mocked\"}]"}}
[debug] [2022-03-31T09:42:33.422Z] [runtime-status] [8184] Resolved module firebase-functions {"declared":true,"installed":true,"version":"3.19.0","resolution":"C:\\Users\\bereket\\Desktop\\Practice Page\\Evangadi\\LastPhase\\Projects\\Amazon-clone-\\amazon-colne\\functions\\node_modules\\firebase-functions\\lib\\index.js"} {"metadata":{"emulator":{"name":"functions"},"function":{"name":"us-central1-api"},"extension":{},"message":"[runtime-status] [8184] Resolved module firebase-functions {\"declared\":true,\"installed\":true,\"version\":\"3.19.0\",\"resolution\":\"C:\\\\Users\\\\bereket\\\\Desktop\\\\Practice Page\\\\Evangadi\\\\LastPhase\\\\Projects\\\\Amazon-clone-\\\\amazon-colne\\\\functions\\\\node_modules\\\\firebase-functions\\\\lib\\\\index.js\"}"}}
[debug] [2022-03-31T09:42:37.159Z] [runtime-status] [8184] Checked functions.config() {"config":{}} {"metadata":{"emulator":{"name":"functions"},"function":{"name":"us-central1-api"},"extension":{},"message":"[runtime-status] [8184] Checked functions.config() {\"config\":{}}"}}
[debug] [2022-03-31T09:42:37.160Z] [runtime-status] [8184] firebase-functions has been stubbed. {"functionsResolution":{"declared":true,"installed":true,"version":"3.19.0","resolution":"C:\\Users\\bereket\\Desktop\\Practice Page\\Evangadi\\LastPhase\\Projects\\Amazon-clone-\\amazon-colne\\functions\\node_modules\\firebase-functions\\lib\\index.js"}} {"metadata":{"emulator":{"name":"functions"},"function":{"name":"us-central1-api"},"extension":{},"message":"[runtime-status] [8184] firebase-functions has been stubbed. {\"functionsResolution\":{\"declared\":true,\"installed\":true,\"version\":\"3.19.0\",\"resolution\":\"C:\\\\Users\\\\bereket\\\\Desktop\\\\Practice Page\\\\Evangadi\\\\LastPhase\\\\Projects\\\\Amazon-clone-\\\\amazon-colne\\\\functions\\\\node_modules\\\\firebase-functions\\\\lib\\\\index.js\"}}"}}
[debug] [2022-03-31T09:42:37.173Z] [runtime-status] [8184] Resolved module firebase-functions {"declared":true,"installed":true,"version":"3.19.0","resolution":"C:\\Users\\bereket\\Desktop\\Practice Page\\Evangadi\\LastPhase\\Projects\\Amazon-clone-\\amazon-colne\\functions\\node_modules\\firebase-functions\\lib\\index.js"} {"metadata":{"emulator":{"name":"functions"},"function":{"name":"us-central1-api"},"extension":{},"message":"[runtime-status] [8184] Resolved module firebase-functions {\"declared\":true,\"installed\":true,\"version\":\"3.19.0\",\"resolution\":\"C:\\\\Users\\\\bereket\\\\Desktop\\\\Practice Page\\\\Evangadi\\\\LastPhase\\\\Projects\\\\Amazon-clone-\\\\amazon-colne\\\\functions\\\\node_modules\\\\firebase-functions\\\\lib\\\\index.js\"}"}}
[debug] [2022-03-31T09:42:37.191Z] [runtime-status] [8184] Resolved module firebase-admin {"declared":true,"installed":true,"version":"10.0.2","resolution":"C:\\Users\\bereket\\Desktop\\Practice Page\\Evangadi\\LastPhase\\Projects\\Amazon-clone-\\amazon-colne\\functions\\node_modules\\firebase-admin\\lib\\index.js"} {"metadata":{"emulator":{"name":"functions"},"function":{"name":"us-central1-api"},"extension":{},"message":"[runtime-status] [8184] Resolved module firebase-admin {\"declared\":true,\"installed\":true,\"version\":\"10.0.2\",\"resolution\":\"C:\\\\Users\\\\bereket\\\\Desktop\\\\Practice Page\\\\Evangadi\\\\LastPhase\\\\Projects\\\\Amazon-clone-\\\\amazon-colne\\\\functions\\\\node_modules\\\\firebase-admin\\\\lib\\\\index.js\"}"}}
[debug] [2022-03-31T09:42:37.213Z] [runtime-status] [8184] Resolved module firebase-functions {"declared":true,"installed":true,"version":"3.19.0","resolution":"C:\\Users\\bereket\\Desktop\\Practice Page\\Evangadi\\LastPhase\\Projects\\Amazon-clone-\\amazon-colne\\functions\\node_modules\\firebase-functions\\lib\\index.js"} {"metadata":{"emulator":{"name":"functions"},"function":{"name":"us-central1-api"},"extension":{},"message":"[runtime-status] [8184] Resolved module firebase-functions {\"declared\":true,\"installed\":true,\"version\":\"3.19.0\",\"resolution\":\"C:\\\\Users\\\\bereket\\\\Desktop\\\\Practice Page\\\\Evangadi\\\\LastPhase\\\\Projects\\\\Amazon-clone-\\\\amazon-colne\\\\functions\\\\node_modules\\\\firebase-functions\\\\lib\\\\index.js\"}"}}
[debug] [2022-03-31T09:42:37.360Z] [runtime-status] [8184] firebase-admin has been stubbed. {"adminResolution":{"declared":true,"installed":true,"version":"10.0.2","resolution":"C:\\Users\\bereket\\Desktop\\Practice Page\\Evangadi\\LastPhase\\Projects\\Amazon-clone-\\amazon-colne\\functions\\node_modules\\firebase-admin\\lib\\index.js"}} {"metadata":{"emulator":{"name":"functions"},"function":{"name":"us-central1-api"},"extension":{},"message":"[runtime-status] [8184] firebase-admin has been stubbed. {\"adminResolution\":{\"declared\":true,\"installed\":true,\"version\":\"10.0.2\",\"resolution\":\"C:\\\\Users\\\\bereket\\\\Desktop\\\\Practice Page\\\\Evangadi\\\\LastPhase\\\\Projects\\\\Amazon-clone-\\\\amazon-colne\\\\functions\\\\node_modules\\\\firebase-admin\\\\lib\\\\index.js\"}}"}}
[debug] [2022-03-31T09:42:53.832Z] [runtime-status] [8184] Beginning invocation function api! {"metadata":{"emulator":{"name":"functions"},"function":{"name":"us-central1-api"},"extension":{},"message":"[runtime-status] [8184] Beginning invocation function api!"}}
[info] i  functions: Beginning execution of "api" {"metadata":{"emulator":{"name":"functions"},"function":{"name":"us-central1-api"},"extension":{},"message":"Beginning execution of \"api\""}}
[debug] [2022-03-31T09:42:53.901Z] [runtime-status] [8184] Running api in signature http {"metadata":{"emulator":{"name":"functions"},"function":{"name":"us-central1-api"},"extension":{},"message":"[runtime-status] [8184] Running api in signature http"}}
[debug] [2022-03-31T09:42:53.902Z] [runtime-status] [8184] Attempting to listen to socketPath: \\?\pipe\C:\Users\bereket\Desktop\Practice Page\Evangadi\LastPhase\Projects\Amazon-clone-\amazon-colne\functions\8184 {"metadata":{"emulator":{"name":"functions"},"function":{"name":"us-central1-api"},"extension":{},"message":"[runtime-status] [8184] Attempting to listen to socketPath: \\\\?\\pipe\\C:\\Users\\bereket\\Desktop\\Practice Page\\Evangadi\\LastPhase\\Projects\\Amazon-clone-\\amazon-colne\\functions\\8184"}}
[debug] [2022-03-31T09:42:53.930Z] [functions] Runtime ready! Sending request! {"metadata":{"emulator":{"name":"functions"},"message":"[functions] Runtime ready! Sending request!"}}
[debug] [2022-03-31T09:42:53.936Z] [functions] Got req.url=/clone-d8c5a/us-central1/api, mapping to path=/ {"metadata":{"emulator":{"name":"functions"},"message":"[functions] Got req.url=/clone-d8c5a/us-central1/api, mapping to path=/"}}
[debug] [2022-03-31T09:42:53.973Z] [runtime-status] [8184] Ephemeral server handling GET request {"metadata":{"emulator":{"name":"functions"},"function":{"name":"us-central1-api"},"extension":{},"message":"[runtime-status] [8184] Ephemeral server handling GET request"}}
[debug] [2022-03-31T09:42:54.124Z] [runtime-status] [8184] Ephemeral server survived. {"metadata":{"emulator":{"name":"functions"},"function":{"name":"us-central1-api"},"extension":{},"message":"[runtime-status] [8184] Ephemeral server survived."}}
[info] i  functions: Finished "api" in ~1s {"metadata":{"emulator":{"name":"functions"},"function":{"name":"us-central1-api"},"extension":{},"message":"Finished \"api\" in ~1s"}}
[debug] [2022-03-31T09:42:54.210Z] [worker-us-central1-api-464fa7e5-235d-4c81-91f7-6ae018793784]: IDLE {"metadata":{"emulator":{"name":"functions"},"message":"[worker-us-central1-api-464fa7e5-235d-4c81-91f7-6ae018793784]: IDLE"}}
[debug] [2022-03-31T09:42:54.212Z] [work-queue] {"queueLength":0,"workRunningCount":0}
[debug] [2022-03-31T09:43:23.852Z] Functions emulator received unknown request at path /favicon.ico
[debug] [2022-04-02T17:23:44.099Z] ----------------------------------------------------------------------
[debug] [2022-04-02T17:23:44.151Z] Command:       C:\Program Files\nodejs\node.exe C:\Users\bereket\AppData\Roaming\npm\node_modules\firebase-tools\lib\bin\firebase.js emulators:start
[debug] [2022-04-02T17:23:44.153Z] CLI Version:   10.5.0
[debug] [2022-04-02T17:23:44.154Z] Platform:      win32
[debug] [2022-04-02T17:23:44.154Z] Node Version:  v16.13.2
[debug] [2022-04-02T17:23:45.200Z] Time:          Sat Apr 02 2022 13:23:44 GMT-0400 (Eastern Daylight Time)
[debug] [2022-04-02T17:23:45.202Z] ----------------------------------------------------------------------
[debug] 
[debug] [2022-04-02T17:23:45.259Z] >>> [apiv2][query] GET https://firebase-public.firebaseio.com/cli.json [none]
[debug] [2022-04-02T17:23:47.104Z] > command requires scopes: ["email","openid","https://www.googleapis.com/auth/cloudplatformprojects.readonly","https://www.googleapis.com/auth/firebase","https://www.googleapis.com/auth/cloud-platform"]
[debug] [2022-04-02T17:23:47.105Z] > authorizing via signed-in user (habteyesus3136@gmail.com)
[info] i  emulators: Starting emulators: functions {"metadata":{"emulator":{"name":"hub"},"message":"Starting emulators: functions"}}
[warn] !  emulators: It seems that you are running multiple instances of the emulator suite for project clone-d8c5a. This may result in unexpected behavior. 
[debug] [2022-04-02T17:23:47.697Z] [hub] writing locator at C:\Users\bereket\AppData\Local\Temp\hub-clone-d8c5a.json
[warn] !  functions: The following emulators are not running, calls to these services from the Functions emulator will affect production: auth, firestore, database, hosting, pubsub, storage {"metadata":{"emulator":{"name":"functions"},"message":"The following emulators are not running, calls to these services from the Functions emulator will affect production: \u001b[1mauth, firestore, database, hosting, pubsub, storage\u001b[22m"}}
[info] +  functions: Using node@16 from host. {"metadata":{"emulator":{"name":"functions"},"message":"Using node@16 from host."}}
[debug] [2022-04-02T17:23:48.833Z] defaultcredentials: writing to file C:\Users\bereket\AppData\Roaming\firebase\habteyesus3136_gmail_com_application_default_credentials.json
[debug] [2022-04-02T17:23:49.577Z] Setting GAC to C:\Users\bereket\AppData\Roaming\firebase\habteyesus3136_gmail_com_application_default_credentials.json {"metadata":{"emulator":{"name":"functions"},"message":"Setting GAC to C:\\Users\\bereket\\AppData\\Roaming\\firebase\\habteyesus3136_gmail_com_application_default_credentials.json"}}
[debug] [2022-04-02T17:23:49.583Z] > refreshing access token with scopes: []
[debug] [2022-04-02T17:23:49.588Z] >>> HTTP REQUEST POST https://www.googleapis.com/oauth2/v3/token  
 <request body omitted>
[debug] [2022-04-02T17:23:50.189Z] <<< [apiv2][status] GET https://firebase-public.firebaseio.com/cli.json 200
[debug] [2022-04-02T17:23:50.190Z] <<< [apiv2][body] GET https://firebase-public.firebaseio.com/cli.json {"cloudBuildErrorAfter":1594252800000,"cloudBuildWarnAfter":1590019200000,"defaultNode10After":1594252800000,"minVersion":"3.0.5","node8DeploysDisabledAfter":1613390400000,"node8RuntimeDisabledAfter":1615809600000,"node8WarnAfter":1600128000000}
[debug] [2022-04-02T17:23:50.408Z] <<< HTTP RESPONSE 200 {"cache-control":"no-cache, no-store, max-age=0, must-revalidate","pragma":"no-cache","date":"Sat, 02 Apr 2022 17:23:53 GMT","expires":"Mon, 01 Jan 1990 00:00:00 GMT","content-type":"application/json; charset=utf-8","vary":"X-Origin, Referer, Origin,Accept-Encoding","server":"scaffolding on HTTPServer2","x-xss-protection":"0","x-frame-options":"SAMEORIGIN","x-content-type-options":"nosniff","alt-svc":"h3=\":443\"; ma=2592000,h3-29=\":443\"; ma=2592000,h3-Q050=\":443\"; ma=2592000,h3-Q046=\":443\"; ma=2592000,h3-Q043=\":443\"; ma=2592000,quic=\":443\"; ma=2592000; v=\"46,43\"","accept-ranges":"none","transfer-encoding":"chunked"}
[debug] [2022-04-02T17:23:50.684Z] >>> [apiv2][query] GET https://firebase.googleapis.com/v1beta1/projects/clone-d8c5a/adminSdkConfig [none]
[debug] [2022-04-02T17:23:51.742Z] <<< [apiv2][status] GET https://firebase.googleapis.com/v1beta1/projects/clone-d8c5a/adminSdkConfig 200
[debug] [2022-04-02T17:23:51.742Z] <<< [apiv2][body] GET https://firebase.googleapis.com/v1beta1/projects/clone-d8c5a/adminSdkConfig {"projectId":"clone-d8c5a","storageBucket":"clone-d8c5a.appspot.com","locationId":"us-central"}
[debug] [2022-04-02T17:23:52.472Z] Ignoring unsupported arg: auto_download {"metadata":{"emulator":{"name":"ui"},"message":"Ignoring unsupported arg: auto_download"}}
[debug] [2022-04-02T17:23:52.473Z] Ignoring unsupported arg: port {"metadata":{"emulator":{"name":"ui"},"message":"Ignoring unsupported arg: port"}}
[debug] [2022-04-02T17:23:52.473Z] Starting Emulator UI with command {"binary":"node","args":["C:\\Users\\bereket\\.cache\\firebase\\emulators\\ui-v1.6.5\\server.bundle.js"],"optionalArgs":[],"joinArgs":false} {"metadata":{"emulator":{"name":"ui"},"message":"Starting Emulator UI with command {\"binary\":\"node\",\"args\":[\"C:\\\\Users\\\\bereket\\\\.cache\\\\firebase\\\\emulators\\\\ui-v1.6.5\\\\server.bundle.js\"],\"optionalArgs\":[],\"joinArgs\":false}"}}
[info] i  ui: Emulator UI logging to ui-debug.log {"metadata":{"emulator":{"name":"ui"},"message":"Emulator UI logging to \u001b[1mui-debug.log\u001b[22m"}}
[debug] [2022-04-02T17:23:56.590Z] Web / API server started at localhost:4000
 {"metadata":{"emulator":{"name":"ui"},"message":"Web / API server started at localhost:4000\n"}}
[info] i  functions: Watching "C:\Users\bereket\Desktop\Practice Page\Evangadi\LastPhase\Projects\Amazon-clone-\amazon-colne\functions" for Cloud Functions... {"metadata":{"emulator":{"name":"functions"},"message":"Watching \"C:\\Users\\bereket\\Desktop\\Practice Page\\Evangadi\\LastPhase\\Projects\\Amazon-clone-\\amazon-colne\\functions\" for Cloud Functions..."}}
[debug] [2022-04-02T17:23:56.987Z] Validating nodejs source
[debug] [2022-04-02T17:24:54.750Z] > [functions] package.json contents: {
  "name": "functions",
  "description": "Cloud Functions for Firebase",
  "scripts": {
    "lint": "eslint .",
    "serve": "firebase emulators:start --only functions",
    "shell": "firebase functions:shell",
    "start": "npm run shell",
    "deploy": "firebase deploy --only functions",
    "logs": "firebase functions:log"
  },
  "engines": {
    "node": "16"
  },
  "main": "index.js",
  "dependencies": {
    "cors": "^2.8.5",
    "express": "^4.17.3",
    "firebase-admin": "^10.0.2",
    "firebase-functions": "^3.18.0",
    "stripe": "^8.214.0"
  },
  "devDependencies": {
    "eslint": "^8.9.0",
    "eslint-config-google": "^0.14.0",
    "firebase-functions-test": "^0.2.0"
  },
  "private": true
}
[debug] [2022-04-02T17:24:54.752Z] Building nodejs source
[debug] [2022-04-02T17:24:54.752Z] Analyzing nodejs backend spec
[info] +  functions[us-central1-api]: http function initialized (http://localhost:5001/clone-d8c5a/us-central1/api). {"metadata":{"emulator":{"name":"functions"},"message":"\u001b[1mhttp\u001b[22m function initialized (http://localhost:5001/clone-d8c5a/us-central1/api)."}}
[info] 
┌─────────────────────────────────────────────────────────────┐
│ ✔  All emulators ready! It is now safe to connect your app. │
│ i  View Emulator UI at http://localhost:4000                │
└─────────────────────────────────────────────────────────────┘

┌───────────┬────────────────┬─────────────────────────────────┐
│ Emulator  │ Host:Port      │ View in Emulator UI             │
├───────────┼────────────────┼─────────────────────────────────┤
│ Functions │ localhost:5001 │ http://localhost:4000/functions │
└───────────┴────────────────┴─────────────────────────────────┘
  Emulator Hub running at localhost:4400
  Other reserved ports: 4500

Issues? Report them at https://github.com/firebase/firebase-tools/issues and attach the *-debug.log files.
 
[debug] [2022-04-02T17:42:45.372Z] [work-queue] {"queueLength":1,"workRunningCount":0}
[debug] [2022-04-02T17:42:45.379Z] [work-queue] {"queueLength":0,"workRunningCount":1}
[debug] [2022-04-02T17:42:45.383Z] Accepted request POST /clone-d8c5a/us-central1/api/payments/create?total=73898 --> us-central1-api
[debug] [2022-04-02T17:42:45.559Z] [worker-pool] addWorker(us-central1-api) {"metadata":{"emulator":{"name":"functions"},"message":"[worker-pool] addWorker(us-central1-api)"}}
[debug] [2022-04-02T17:42:45.561Z] [worker-pool] Adding worker with key us-central1-api, total=1 {"metadata":{"emulator":{"name":"functions"},"message":"[worker-pool] Adding worker with key us-central1-api, total=1"}}
[debug] [2022-04-02T17:42:45.561Z] [worker-pool] submitWork(triggerId=us-central1-api) {"metadata":{"emulator":{"name":"functions"},"message":"[worker-pool] submitWork(triggerId=us-central1-api)"}}
[debug] [2022-04-02T17:42:45.563Z] [worker-us-central1-api-ad6947c6-bb4e-4ffb-9a91-505c36d9268b]: Assigning socketPath: \\?\pipe\C:\Users\bereket\Desktop\Practice Page\Evangadi\LastPhase\Projects\Amazon-clone-\amazon-colne\functions\15804 {"metadata":{"emulator":{"name":"functions"},"message":"[worker-us-central1-api-ad6947c6-bb4e-4ffb-9a91-505c36d9268b]: Assigning socketPath: \\\\?\\pipe\\C:\\Users\\bereket\\Desktop\\Practice Page\\Evangadi\\LastPhase\\Projects\\Amazon-clone-\\amazon-colne\\functions\\15804"}}
[debug] [2022-04-02T17:42:45.564Z] [worker-us-central1-api-ad6947c6-bb4e-4ffb-9a91-505c36d9268b]: BUSY {"metadata":{"emulator":{"name":"functions"},"message":"[worker-us-central1-api-ad6947c6-bb4e-4ffb-9a91-505c36d9268b]: BUSY"}}
[debug] [2022-04-02T17:44:22.605Z] [runtime-status] [15804] Functions runtime initialized. {"cwd":"C:\\Users\\bereket\\Desktop\\Practice Page\\Evangadi\\LastPhase\\Projects\\Amazon-clone-\\amazon-colne\\functions","node_version":"16.13.2"} {"metadata":{"emulator":{"name":"functions"},"function":{"name":"us-central1-api"},"extension":{},"message":"[runtime-status] [15804] Functions runtime initialized. {\"cwd\":\"C:\\\\Users\\\\bereket\\\\Desktop\\\\Practice Page\\\\Evangadi\\\\LastPhase\\\\Projects\\\\Amazon-clone-\\\\amazon-colne\\\\functions\",\"node_version\":\"16.13.2\"}"}}
[debug] [2022-04-02T17:44:22.609Z] [runtime-status] [15804] Disabled runtime features: undefined {"metadata":{"emulator":{"name":"functions"},"function":{"name":"us-central1-api"},"extension":{},"message":"[runtime-status] [15804] Disabled runtime features: undefined"}}
[debug] [2022-04-02T17:44:22.843Z] [runtime-status] [15804] Resolved module firebase-admin {"declared":true,"installed":true,"version":"10.0.2","resolution":"C:\\Users\\bereket\\Desktop\\Practice Page\\Evangadi\\LastPhase\\Projects\\Amazon-clone-\\amazon-colne\\functions\\node_modules\\firebase-admin\\lib\\index.js"} {"metadata":{"emulator":{"name":"functions"},"function":{"name":"us-central1-api"},"extension":{},"message":"[runtime-status] [15804] Resolved module firebase-admin {\"declared\":true,\"installed\":true,\"version\":\"10.0.2\",\"resolution\":\"C:\\\\Users\\\\bereket\\\\Desktop\\\\Practice Page\\\\Evangadi\\\\LastPhase\\\\Projects\\\\Amazon-clone-\\\\amazon-colne\\\\functions\\\\node_modules\\\\firebase-admin\\\\lib\\\\index.js\"}"}}
[debug] [2022-04-02T17:44:22.929Z] [runtime-status] [15804] Resolved module firebase-functions {"declared":true,"installed":true,"version":"3.19.0","resolution":"C:\\Users\\bereket\\Desktop\\Practice Page\\Evangadi\\LastPhase\\Projects\\Amazon-clone-\\amazon-colne\\functions\\node_modules\\firebase-functions\\lib\\index.js"} {"metadata":{"emulator":{"name":"functions"},"function":{"name":"us-central1-api"},"extension":{},"message":"[runtime-status] [15804] Resolved module firebase-functions {\"declared\":true,\"installed\":true,\"version\":\"3.19.0\",\"resolution\":\"C:\\\\Users\\\\bereket\\\\Desktop\\\\Practice Page\\\\Evangadi\\\\LastPhase\\\\Projects\\\\Amazon-clone-\\\\amazon-colne\\\\functions\\\\node_modules\\\\firebase-functions\\\\lib\\\\index.js\"}"}}
[debug] [2022-04-02T17:44:22.932Z] [runtime-status] [15804] Outgoing network have been stubbed. [{"name":"http","status":"mocked"},{"name":"http","status":"mocked"},{"name":"https","status":"mocked"},{"name":"https","status":"mocked"},{"name":"net","status":"mocked"}] {"metadata":{"emulator":{"name":"functions"},"function":{"name":"us-central1-api"},"extension":{},"message":"[runtime-status] [15804] Outgoing network have been stubbed. [{\"name\":\"http\",\"status\":\"mocked\"},{\"name\":\"http\",\"status\":\"mocked\"},{\"name\":\"https\",\"status\":\"mocked\"},{\"name\":\"https\",\"status\":\"mocked\"},{\"name\":\"net\",\"status\":\"mocked\"}]"}}
[debug] [2022-04-02T17:44:22.939Z] [runtime-status] [15804] Resolved module firebase-functions {"declared":true,"installed":true,"version":"3.19.0","resolution":"C:\\Users\\bereket\\Desktop\\Practice Page\\Evangadi\\LastPhase\\Projects\\Amazon-clone-\\amazon-colne\\functions\\node_modules\\firebase-functions\\lib\\index.js"} {"metadata":{"emulator":{"name":"functions"},"function":{"name":"us-central1-api"},"extension":{},"message":"[runtime-status] [15804] Resolved module firebase-functions {\"declared\":true,\"installed\":true,\"version\":\"3.19.0\",\"resolution\":\"C:\\\\Users\\\\bereket\\\\Desktop\\\\Practice Page\\\\Evangadi\\\\LastPhase\\\\Projects\\\\Amazon-clone-\\\\amazon-colne\\\\functions\\\\node_modules\\\\firebase-functions\\\\lib\\\\index.js\"}"}}
[debug] [2022-04-02T17:44:25.585Z] [runtime-status] [15804] Checked functions.config() {"config":{}} {"metadata":{"emulator":{"name":"functions"},"function":{"name":"us-central1-api"},"extension":{},"message":"[runtime-status] [15804] Checked functions.config() {\"config\":{}}"}}
[debug] [2022-04-02T17:44:25.587Z] [runtime-status] [15804] firebase-functions has been stubbed. {"functionsResolution":{"declared":true,"installed":true,"version":"3.19.0","resolution":"C:\\Users\\bereket\\Desktop\\Practice Page\\Evangadi\\LastPhase\\Projects\\Amazon-clone-\\amazon-colne\\functions\\node_modules\\firebase-functions\\lib\\index.js"}} {"metadata":{"emulator":{"name":"functions"},"function":{"name":"us-central1-api"},"extension":{},"message":"[runtime-status] [15804] firebase-functions has been stubbed. {\"functionsResolution\":{\"declared\":true,\"installed\":true,\"version\":\"3.19.0\",\"resolution\":\"C:\\\\Users\\\\bereket\\\\Desktop\\\\Practice Page\\\\Evangadi\\\\LastPhase\\\\Projects\\\\Amazon-clone-\\\\amazon-colne\\\\functions\\\\node_modules\\\\firebase-functions\\\\lib\\\\index.js\"}}"}}
[debug] [2022-04-02T17:44:25.595Z] [runtime-status] [15804] Resolved module firebase-functions {"declared":true,"installed":true,"version":"3.19.0","resolution":"C:\\Users\\bereket\\Desktop\\Practice Page\\Evangadi\\LastPhase\\Projects\\Amazon-clone-\\amazon-colne\\functions\\node_modules\\firebase-functions\\lib\\index.js"} {"metadata":{"emulator":{"name":"functions"},"function":{"name":"us-central1-api"},"extension":{},"message":"[runtime-status] [15804] Resolved module firebase-functions {\"declared\":true,\"installed\":true,\"version\":\"3.19.0\",\"resolution\":\"C:\\\\Users\\\\bereket\\\\Desktop\\\\Practice Page\\\\Evangadi\\\\LastPhase\\\\Projects\\\\Amazon-clone-\\\\amazon-colne\\\\functions\\\\node_modules\\\\firebase-functions\\\\lib\\\\index.js\"}"}}
[debug] [2022-04-02T17:44:25.605Z] [runtime-status] [15804] Resolved module firebase-admin {"declared":true,"installed":true,"version":"10.0.2","resolution":"C:\\Users\\bereket\\Desktop\\Practice Page\\Evangadi\\LastPhase\\Projects\\Amazon-clone-\\amazon-colne\\functions\\node_modules\\firebase-admin\\lib\\index.js"} {"metadata":{"emulator":{"name":"functions"},"function":{"name":"us-central1-api"},"extension":{},"message":"[runtime-status] [15804] Resolved module firebase-admin {\"declared\":true,\"installed\":true,\"version\":\"10.0.2\",\"resolution\":\"C:\\\\Users\\\\bereket\\\\Desktop\\\\Practice Page\\\\Evangadi\\\\LastPhase\\\\Projects\\\\Amazon-clone-\\\\amazon-colne\\\\functions\\\\node_modules\\\\firebase-admin\\\\lib\\\\index.js\"}"}}
[debug] [2022-04-02T17:44:25.613Z] [runtime-status] [15804] Resolved module firebase-functions {"declared":true,"installed":true,"version":"3.19.0","resolution":"C:\\Users\\bereket\\Desktop\\Practice Page\\Evangadi\\LastPhase\\Projects\\Amazon-clone-\\amazon-colne\\functions\\node_modules\\firebase-functions\\lib\\index.js"} {"metadata":{"emulator":{"name":"functions"},"function":{"name":"us-central1-api"},"extension":{},"message":"[runtime-status] [15804] Resolved module firebase-functions {\"declared\":true,\"installed\":true,\"version\":\"3.19.0\",\"resolution\":\"C:\\\\Users\\\\bereket\\\\Desktop\\\\Practice Page\\\\Evangadi\\\\LastPhase\\\\Projects\\\\Amazon-clone-\\\\amazon-colne\\\\functions\\\\node_modules\\\\firebase-functions\\\\lib\\\\index.js\"}"}}
[debug] [2022-04-02T17:44:25.617Z] [runtime-status] [15804] firebase-admin has been stubbed. {"adminResolution":{"declared":true,"installed":true,"version":"10.0.2","resolution":"C:\\Users\\bereket\\Desktop\\Practice Page\\Evangadi\\LastPhase\\Projects\\Amazon-clone-\\amazon-colne\\functions\\node_modules\\firebase-admin\\lib\\index.js"}} {"metadata":{"emulator":{"name":"functions"},"function":{"name":"us-central1-api"},"extension":{},"message":"[runtime-status] [15804] firebase-admin has been stubbed. {\"adminResolution\":{\"declared\":true,\"installed\":true,\"version\":\"10.0.2\",\"resolution\":\"C:\\\\Users\\\\bereket\\\\Desktop\\\\Practice Page\\\\Evangadi\\\\LastPhase\\\\Projects\\\\Amazon-clone-\\\\amazon-colne\\\\functions\\\\node_modules\\\\firebase-admin\\\\lib\\\\index.js\"}}"}}
[debug] [2022-04-02T17:44:35.719Z] [runtime-status] [15804] Beginning invocation function api! {"metadata":{"emulator":{"name":"functions"},"function":{"name":"us-central1-api"},"extension":{},"message":"[runtime-status] [15804] Beginning invocation function api!"}}
[info] i  functions: Beginning execution of "api" {"metadata":{"emulator":{"name":"functions"},"function":{"name":"us-central1-api"},"extension":{},"message":"Beginning execution of \"api\""}}
[debug] [2022-04-02T17:44:35.725Z] [runtime-status] [15804] Running api in signature http {"metadata":{"emulator":{"name":"functions"},"function":{"name":"us-central1-api"},"extension":{},"message":"[runtime-status] [15804] Running api in signature http"}}
[debug] [2022-04-02T17:44:35.745Z] [runtime-status] [15804] Attempting to listen to socketPath: \\?\pipe\C:\Users\bereket\Desktop\Practice Page\Evangadi\LastPhase\Projects\Amazon-clone-\amazon-colne\functions\15804 {"metadata":{"emulator":{"name":"functions"},"function":{"name":"us-central1-api"},"extension":{},"message":"[runtime-status] [15804] Attempting to listen to socketPath: \\\\?\\pipe\\C:\\Users\\bereket\\Desktop\\Practice Page\\Evangadi\\LastPhase\\Projects\\Amazon-clone-\\amazon-colne\\functions\\15804"}}
[debug] [2022-04-02T17:44:35.774Z] [functions] Runtime ready! Sending request! {"metadata":{"emulator":{"name":"functions"},"message":"[functions] Runtime ready! Sending request!"}}
[debug] [2022-04-02T17:44:35.817Z] [functions] Got req.url=/clone-d8c5a/us-central1/api/payments/create?total=73898, mapping to path=/payments/create?total=73898 {"metadata":{"emulator":{"name":"functions"},"message":"[functions] Got req.url=/clone-d8c5a/us-central1/api/payments/create?total=73898, mapping to path=/payments/create?total=73898"}}
[debug] [2022-04-02T17:44:35.847Z] [runtime-status] [15804] Ephemeral server handling POST request {"metadata":{"emulator":{"name":"functions"},"function":{"name":"us-central1-api"},"extension":{},"message":"[runtime-status] [15804] Ephemeral server handling POST request"}}
[info] >  Payment Request Recieved for this amount >>>  73898 {"user":"Payment Request Recieved for this amount >>>  73898","metadata":{"emulator":{"name":"functions"},"function":{"name":"us-central1-api"},"extension":{},"message":"\u001b[90m> \u001b[39m Payment Request Recieved for this amount >>>  73898"}}
[debug] [2022-04-02T17:44:35.980Z] [runtime-status] [15804] Ephemeral server survived. {"metadata":{"emulator":{"name":"functions"},"function":{"name":"us-central1-api"},"extension":{},"message":"[runtime-status] [15804] Ephemeral server survived."}}
[info] i  functions: Finished "api" in ~6s {"metadata":{"emulator":{"name":"functions"},"function":{"name":"us-central1-api"},"extension":{},"message":"Finished \"api\" in ~6s"}}
[debug] [2022-04-02T17:44:41.962Z] [worker-us-central1-api-ad6947c6-bb4e-4ffb-9a91-505c36d9268b]: IDLE {"metadata":{"emulator":{"name":"functions"},"message":"[worker-us-central1-api-ad6947c6-bb4e-4ffb-9a91-505c36d9268b]: IDLE"}}
[debug] [2022-04-02T17:44:41.963Z] [work-queue] {"queueLength":0,"workRunningCount":0}
